1970-01-21 08:39:03.838 +02:00 | [info]state=SERVER_INIT_PROCESS_MANAGER
1970-01-21 08:39:03.838 +02:00 | [info]process manager started successfully
1970-01-21 08:39:03.838 +02:00 | [info]state=SERVER_INIT_MAILBOX
1970-01-21 08:39:03.838 +02:00 | [info]state=LOAD_INITIAL_CONFIG
1970-01-21 08:39:03.838 +02:00 | [info]MAILBOX thread start: self_ptr=0x7ffcb7a2a9d8
1970-01-21 08:39:03.838 +02:00 | [info]state=MAILBOX_NOT_OPEN stop=false srv_null=true
1970-01-21 08:39:03.838 +02:00 | [info]mailbox started successfully
1970-01-21 08:39:03.838 +02:00 | [info]socket created fd=5
1970-01-21 08:39:03.838 +02:00 | [info]bound unix socket at /tmp/taskmaster.server.sock
1970-01-21 08:39:03.838 +02:00 | [info]listening on mailbox socket (fd=5)
1970-01-21 08:39:03.838 +02:00 | [info]server set: srv_null=false fd=5
1970-01-21 08:39:03.838 +02:00 | [debug]state=MAILBOX_WAIT_FOR_CLIENT stop=false srv_null=false
1970-01-21 08:39:03.838 +02:00 | [info]config loaded successfully
1970-01-21 08:39:03.838 +02:00 | [info]state=STAGE_NEW_CONFIG
1970-01-21 08:39:03.838 +02:00 | [info]staged new config successfully (2 processes)
1970-01-21 08:39:03.838 +02:00 | [info]state=COMMIT_NEW_CONFIG
1970-01-21 08:39:03.838 +02:00 | [info][child.start] cmd=/usr/bin/taskmaster_foo

1970-01-21 08:39:03.838 +02:00 | [info][child.start] env=Foo=Bar

1970-01-21 08:39:03.838 +02:00 | [info][child.start] argv[0]=/usr/bin/taskmaster_foo

1970-01-21 08:39:03.838 +02:00 | [info][child.start] cmd=/usr/bin/time

1970-01-21 08:39:03.838 +02:00 | [info][child.start] env=Foo=Bar

1970-01-21 08:39:03.838 +02:00 | [info][child.start] argv[0]=/usr/bin/time

1970-01-21 08:39:03.838 +02:00 | [info][child.start] cmd=/usr/bin/time

1970-01-21 08:39:03.838 +02:00 | [info][child.start] env=Foo=Bar

1970-01-21 08:39:03.838 +02:00 | [info][child.start] argv[0]=/usr/bin/time

1970-01-21 08:39:03.838 +02:00 | [info][child.start] cmd=/usr/bin/time

1970-01-21 08:39:03.838 +02:00 | [info][child.start] env=Foo=Bar

1970-01-21 08:39:03.838 +02:00 | [info][child.start] argv[0]=/usr/bin/time

1970-01-21 08:39:03.838 +02:00 | [info][child.start] cmd=/usr/bin/time

1970-01-21 08:39:03.838 +02:00 | [info][child.start] env=Foo=Bar

1970-01-21 08:39:03.838 +02:00 | [info][child.start] argv[0]=/usr/bin/time

1970-01-21 08:39:03.838 +02:00 | [info][child.start] cmd=/usr/bin/time

1970-01-21 08:39:03.838 +02:00 | [info][child.start] env=Foo=Bar

1970-01-21 08:39:03.838 +02:00 | [info][child.start] argv[0]=/usr/bin/time

1970-01-21 08:39:03.838 +02:00 | [info][child.start] cmd=/usr/bin/time

1970-01-21 08:39:03.838 +02:00 | [info][child.start] env=Foo=Bar

1970-01-21 08:39:03.838 +02:00 | [info][child.start] argv[0]=/usr/bin/time

1970-01-21 08:39:03.838 +02:00 | [info][child.start] cmd=/usr/bin/time

1970-01-21 08:39:03.838 +02:00 | [info][child.start] env=Foo=Bar

1970-01-21 08:39:03.838 +02:00 | [info][child.start] argv[0]=/usr/bin/time

1970-01-21 08:39:03.838 +02:00 | [info][child.start] cmd=/usr/bin/time

1970-01-21 08:39:03.838 +02:00 | [info][child.start] env=Foo=Bar

1970-01-21 08:39:03.838 +02:00 | [info][child.start] argv[0]=/usr/bin/time

1970-01-21 08:39:03.838 +02:00 | [info]committed new config (2 live processes)
1970-01-21 08:39:03.838 +02:00 | [debug]state=APPLY_NEW_CONFIG
1970-01-21 08:39:03.838 +02:00 | [info][child.start] cmd=/usr/bin/taskmaster_foo

1970-01-21 08:39:03.838 +02:00 | [info][child.start] env=Foo=Bar

1970-01-21 08:39:03.838 +02:00 | [info][child.start] argv[0]=/usr/bin/taskmaster_foo

1970-01-21 08:39:03.838 +02:00 | [info][child.start] cmd=/usr/bin/time

1970-01-21 08:39:03.838 +02:00 | [info][child.start] env=Foo=Bar

1970-01-21 08:39:03.838 +02:00 | [info][child.start] argv[0]=/usr/bin/time

1970-01-21 08:39:03.838 +02:00 | [info][child.start] cmd=/usr/bin/time

1970-01-21 08:39:03.838 +02:00 | [info][child.start] env=Foo=Bar

1970-01-21 08:39:03.838 +02:00 | [info][child.start] argv[0]=/usr/bin/time

1970-01-21 08:39:03.838 +02:00 | [info][child.start] in child, about to setup wd/umask/logs

1970-01-21 08:39:03.838 +02:00 | [info][child.start] workingdir=/tmp/testtest