2025-10-01 07:40:21.000 +02:00 | [info]state=SERVER_SETUP_SIGNALS
2025-10-01 07:40:21.000 +02:00 | [info]signal handlers installed for HUP, TERM, INT, CHLD, QUIT, USR1, USR2
2025-10-01 07:40:21.000 +02:00 | [info]signal handlers setup successfully
2025-10-01 07:40:21.000 +02:00 | [info]state=SERVER_INIT_PROCESS_MANAGER
2025-10-01 07:40:21.000 +02:00 | [info]process manager started successfully
2025-10-01 07:40:21.000 +02:00 | [info]state=SERVER_INIT_MAILBOX
2025-10-01 07:40:21.000 +02:00 | [info]mailbox started successfully
2025-10-01 07:40:21.000 +02:00 | [info]state=LOAD_INITIAL_CONFIG
2025-10-01 07:40:21.000 +02:00 | [info]MAILBOX thread start: self_ptr=0x7ffd79ca0928
2025-10-01 07:40:21.000 +02:00 | [info]state=MAILBOX_NOT_OPEN stop=false srv_null=true
2025-10-01 07:40:21.000 +02:00 | [info]socket created fd=5
2025-10-01 07:40:21.000 +02:00 | [info]bound unix socket at /tmp/taskmaster.server.sock
2025-10-01 07:40:21.000 +02:00 | [info]listening on mailbox socket (fd=5)
2025-10-01 07:40:21.000 +02:00 | [info]server set: srv_null=false fd=5
2025-10-01 07:40:21.000 +02:00 | [info]config loaded successfully
2025-10-01 07:40:21.000 +02:00 | [info]state=STAGE_NEW_CONFIG
2025-10-01 07:40:21.000 +02:00 | [info]staged new config successfully (17 processes)
2025-10-01 07:40:21.000 +02:00 | [info]state=COMMIT_NEW_CONFIG
2025-10-01 07:40:21.000 +02:00 | [info]starting process test_autostart_true[0] (current status: stopped)
2025-10-01 07:40:21.000 +02:00 | [info][child.start] cmd=zig-out/bin/long_runner 0
2025-10-01 07:40:21.000 +02:00 | [info][child.start] argv[0]=zig-out/bin/long_runner
2025-10-01 07:40:21.000 +02:00 | [debug]updated live PID tracking: pid=11209 for process test_autostart_true[0]
2025-10-01 07:40:21.000 +02:00 | [info]starting process test_autostart_true[1] (current status: stopped)
2025-10-01 07:40:21.000 +02:00 | [info][child.start] cmd=zig-out/bin/long_runner 0
2025-10-01 07:40:21.000 +02:00 | [info][child.start] argv[0]=zig-out/bin/long_runner
2025-10-01 07:40:21.000 +02:00 | [debug]updated live PID tracking: pid=11210 for process test_autostart_true[1]
2025-10-01 07:40:21.000 +02:00 | [info]committed new config (17 live processes)
2025-10-01 07:40:24.000 +02:00 | [debug]updated live PID tracking: pid=11209 for process test_autostart_true[0]
2025-10-01 07:40:24.000 +02:00 | [info]process test_autostart_true[0] marked as successfully started (retries reset)
2025-10-01 07:40:24.000 +02:00 | [debug]updated live PID tracking: pid=11210 for process test_autostart_true[1]
2025-10-01 07:40:24.000 +02:00 | [info]process test_autostart_true[1] marked as successfully started (retries reset)
2025-10-01 07:40:28.000 +02:00 | [info]accepted new client: fd=6
2025-10-01 07:40:28.000 +02:00 | [info]state=MAILBOX_ACCEPTED_NEW_CLIENT stop=false cli_null=false
2025-10-01 07:40:30.000 +02:00 | [info]peeked client command: .dump
2025-10-01 07:40:30.000 +02:00 | [info]state=MAILBOX_DECODE_CLIENT_COMMAND
2025-10-01 07:40:30.000 +02:00 | [info]client command: .dump
2025-10-01 07:40:30.000 +02:00 | [info]bell triggered due to client command
2025-10-01 07:40:30.000 +02:00 | [info]received command: .dump
2025-10-01 07:40:30.000 +02:00 | [info]state=SERVER_EXEC_NEW_COMMAND
2025-10-01 07:40:30.000 +02:00 | [info]executed command .dump, resuming wait
2025-10-01 07:40:30.000 +02:00 | [info]state=PM_NEEDS_TO_WAIT_FOR_COMMANDS 
2025-10-01 07:40:30.000 +02:00 | [info]state=PM_NEEDS_TO_EXEC_COMMAND
2025-10-01 07:40:30.000 +02:00 | [debug]  Instance[0]: status=running, pid=11209
2025-10-01 07:40:30.000 +02:00 | [debug]  Instance[1]: status=running, pid=11210
2025-10-01 07:40:30.000 +02:00 | [debug]  Instance[0]: status=stopped, pid=null
2025-10-01 07:40:30.000 +02:00 | [debug]  Instance[0]: status=stopped, pid=null
2025-10-01 07:40:30.000 +02:00 | [debug]  Instance[0]: status=stopped, pid=null
2025-10-01 07:40:30.000 +02:00 | [debug]  Instance[0]: status=stopped, pid=null
2025-10-01 07:40:30.000 +02:00 | [debug]  Instance[0]: status=stopped, pid=null
2025-10-01 07:40:30.000 +02:00 | [debug]  Instance[0]: status=stopped, pid=null
2025-10-01 07:40:30.000 +02:00 | [debug]  Instance[0]: status=stopped, pid=null
2025-10-01 07:40:30.000 +02:00 | [debug]  Instance[0]: status=stopped, pid=null
2025-10-01 07:40:30.000 +02:00 | [debug]  Instance[0]: status=stopped, pid=null
2025-10-01 07:40:30.000 +02:00 | [debug]  Instance[0]: status=stopped, pid=null
2025-10-01 07:40:30.000 +02:00 | [debug]  Instance[0]: status=stopped, pid=null
2025-10-01 07:40:30.000 +02:00 | [debug]  Instance[0]: status=stopped, pid=null
2025-10-01 07:40:30.000 +02:00 | [debug]  Instance[0]: status=stopped, pid=null
2025-10-01 07:40:30.000 +02:00 | [debug]  Instance[0]: status=stopped, pid=null
2025-10-01 07:40:30.000 +02:00 | [debug]  Instance[0]: status=stopped, pid=null
2025-10-01 07:40:30.000 +02:00 | [debug]  Instance[1]: status=stopped, pid=null
2025-10-01 07:40:30.000 +02:00 | [debug]  Instance[2]: status=stopped, pid=null
2025-10-01 07:40:30.000 +02:00 | [debug]  Instance[3]: status=stopped, pid=null
2025-10-01 07:40:30.000 +02:00 | [debug]  Instance[4]: status=stopped, pid=null
2025-10-01 07:40:30.000 +02:00 | [debug]  Instance[0]: status=stopped, pid=null
2025-10-01 07:40:30.000 +02:00 | [debug]response queued: status=success len=4286
2025-10-01 07:40:30.000 +02:00 | [info]sent dump for all processes
2025-10-01 07:40:30.000 +02:00 | [info]state=MAILBOX_SEND_RESPONSE
2025-10-01 07:40:30.000 +02:00 | [debug]sent response header: status=success len=4286
2025-10-01 07:40:30.000 +02:00 | [debug]sent response payload: 4286 bytes
2025-10-01 07:40:30.000 +02:00 | [info]response sent successfully
2025-10-01 07:40:44.000 +02:00 | [warn]error peeking client command: error.ReadFailed
2025-10-01 07:40:44.000 +02:00 | [warn]failed to read from client: error.ReadFailed
2025-10-01 07:40:44.000 +02:00 | [info]disconnecting client (had_client=true)
2025-10-01 07:40:44.000 +02:00 | [info]accepted new client: fd=6
2025-10-01 07:40:44.000 +02:00 | [info]state=MAILBOX_ACCEPTED_NEW_CLIENT stop=false cli_null=false
2025-10-01 07:40:44.000 +02:00 | [info]client EOF; disconnecting
2025-10-01 07:40:44.000 +02:00 | [info]disconnecting client (had_client=true)
2025-10-01 07:42:20.000 +02:00 | [info]accepted new client: fd=6
2025-10-01 07:42:20.000 +02:00 | [info]state=MAILBOX_ACCEPTED_NEW_CLIENT stop=false cli_null=false
2025-10-01 07:42:23.000 +02:00 | [info]peeked client command: .dump
2025-10-01 07:42:23.000 +02:00 | [info]state=MAILBOX_DECODE_CLIENT_COMMAND
2025-10-01 07:42:23.000 +02:00 | [info]client command: .dump
2025-10-01 07:42:23.000 +02:00 | [info]bell triggered due to client command
2025-10-01 07:42:23.000 +02:00 | [info]received command: .dump
2025-10-01 07:42:23.000 +02:00 | [info]state=SERVER_EXEC_NEW_COMMAND
2025-10-01 07:42:23.000 +02:00 | [info]executed command .dump, resuming wait
2025-10-01 07:42:23.000 +02:00 | [info]state=PM_NEEDS_TO_WAIT_FOR_COMMANDS 
2025-10-01 07:42:23.000 +02:00 | [info]state=PM_NEEDS_TO_EXEC_COMMAND
2025-10-01 07:42:23.000 +02:00 | [debug]  Instance[0]: status=running, pid=11209
2025-10-01 07:42:23.000 +02:00 | [debug]  Instance[1]: status=running, pid=11210
2025-10-01 07:42:23.000 +02:00 | [debug]  Instance[0]: status=stopped, pid=null
2025-10-01 07:42:23.000 +02:00 | [debug]  Instance[0]: status=stopped, pid=null
2025-10-01 07:42:23.000 +02:00 | [debug]  Instance[0]: status=stopped, pid=null
2025-10-01 07:42:23.000 +02:00 | [debug]  Instance[0]: status=stopped, pid=null
2025-10-01 07:42:23.000 +02:00 | [debug]  Instance[0]: status=stopped, pid=null
2025-10-01 07:42:23.000 +02:00 | [debug]  Instance[0]: status=stopped, pid=null
2025-10-01 07:42:23.000 +02:00 | [debug]  Instance[0]: status=stopped, pid=null
2025-10-01 07:42:23.000 +02:00 | [debug]  Instance[0]: status=stopped, pid=null
2025-10-01 07:42:23.000 +02:00 | [debug]  Instance[0]: status=stopped, pid=null
2025-10-01 07:42:23.000 +02:00 | [debug]  Instance[0]: status=stopped, pid=null
2025-10-01 07:42:23.000 +02:00 | [debug]  Instance[0]: status=stopped, pid=null
2025-10-01 07:42:23.000 +02:00 | [debug]  Instance[0]: status=stopped, pid=null
2025-10-01 07:42:23.000 +02:00 | [debug]  Instance[0]: status=stopped, pid=null
2025-10-01 07:42:23.000 +02:00 | [debug]  Instance[0]: status=stopped, pid=null
2025-10-01 07:42:23.000 +02:00 | [debug]  Instance[0]: status=stopped, pid=null
2025-10-01 07:42:23.000 +02:00 | [debug]  Instance[1]: status=stopped, pid=null
2025-10-01 07:42:23.000 +02:00 | [debug]  Instance[2]: status=stopped, pid=null
2025-10-01 07:42:23.000 +02:00 | [debug]  Instance[3]: status=stopped, pid=null
2025-10-01 07:42:23.000 +02:00 | [debug]  Instance[4]: status=stopped, pid=null
2025-10-01 07:42:23.000 +02:00 | [debug]  Instance[0]: status=stopped, pid=null
2025-10-01 07:42:23.000 +02:00 | [debug]response queued: status=success len=4286
2025-10-01 07:42:23.000 +02:00 | [info]sent dump for all processes
2025-10-01 07:42:23.000 +02:00 | [info]state=MAILBOX_SEND_RESPONSE
2025-10-01 07:42:23.000 +02:00 | [debug]sent response header: status=success len=4286
2025-10-01 07:42:23.000 +02:00 | [debug]sent response payload: 4286 bytes
2025-10-01 07:42:23.000 +02:00 | [info]response sent successfully
2025-10-01 07:43:00.000 +02:00 | [info]client EOF; disconnecting
2025-10-01 07:43:00.000 +02:00 | [info]disconnecting client (had_client=true)
2025-10-01 07:43:18.000 +02:00 | [info]accepted new client: fd=6
2025-10-01 07:43:18.000 +02:00 | [info]state=MAILBOX_ACCEPTED_NEW_CLIENT stop=false cli_null=false
2025-10-01 07:43:21.000 +02:00 | [info]client EOF; disconnecting
2025-10-01 07:43:21.000 +02:00 | [info]disconnecting client (had_client=true)
2025-10-01 07:44:13.000 +02:00 | [info]accepted new client: fd=6
2025-10-01 07:44:13.000 +02:00 | [info]state=MAILBOX_ACCEPTED_NEW_CLIENT stop=false cli_null=false
2025-10-01 07:44:19.000 +02:00 | [info]peeked client command: .dump
2025-10-01 07:44:19.000 +02:00 | [info]state=MAILBOX_DECODE_CLIENT_COMMAND
2025-10-01 07:44:19.000 +02:00 | [info]client command: .dump
2025-10-01 07:44:19.000 +02:00 | [info]bell triggered due to client command
2025-10-01 07:44:19.000 +02:00 | [info]received command: .dump
2025-10-01 07:44:19.000 +02:00 | [info]state=SERVER_EXEC_NEW_COMMAND
2025-10-01 07:44:19.000 +02:00 | [info]executed command .dump, resuming wait
2025-10-01 07:44:19.000 +02:00 | [info]state=PM_NEEDS_TO_WAIT_FOR_COMMANDS 
2025-10-01 07:44:19.000 +02:00 | [info]state=PM_NEEDS_TO_EXEC_COMMAND
2025-10-01 07:44:19.000 +02:00 | [debug]  Instance[0]: status=running, pid=11209
2025-10-01 07:44:19.000 +02:00 | [debug]  Instance[1]: status=running, pid=11210
2025-10-01 07:44:19.000 +02:00 | [debug]  Instance[0]: status=stopped, pid=null
2025-10-01 07:44:19.000 +02:00 | [debug]  Instance[0]: status=stopped, pid=null
2025-10-01 07:44:19.000 +02:00 | [debug]  Instance[0]: status=stopped, pid=null
2025-10-01 07:44:19.000 +02:00 | [debug]  Instance[0]: status=stopped, pid=null
2025-10-01 07:44:19.000 +02:00 | [debug]  Instance[0]: status=stopped, pid=null
2025-10-01 07:44:19.000 +02:00 | [debug]  Instance[0]: status=stopped, pid=null
2025-10-01 07:44:19.000 +02:00 | [debug]  Instance[0]: status=stopped, pid=null
2025-10-01 07:44:19.000 +02:00 | [debug]  Instance[0]: status=stopped, pid=null
2025-10-01 07:44:19.000 +02:00 | [debug]  Instance[0]: status=stopped, pid=null
2025-10-01 07:44:19.000 +02:00 | [debug]  Instance[0]: status=stopped, pid=null
2025-10-01 07:44:19.000 +02:00 | [debug]  Instance[0]: status=stopped, pid=null
2025-10-01 07:44:19.000 +02:00 | [debug]  Instance[0]: status=stopped, pid=null
2025-10-01 07:44:19.000 +02:00 | [debug]  Instance[0]: status=stopped, pid=null
2025-10-01 07:44:19.000 +02:00 | [debug]  Instance[0]: status=stopped, pid=null
2025-10-01 07:44:19.000 +02:00 | [debug]  Instance[0]: status=stopped, pid=null
2025-10-01 07:44:19.000 +02:00 | [debug]  Instance[1]: status=stopped, pid=null
2025-10-01 07:44:19.000 +02:00 | [debug]  Instance[2]: status=stopped, pid=null
2025-10-01 07:44:19.000 +02:00 | [debug]  Instance[3]: status=stopped, pid=null
2025-10-01 07:44:19.000 +02:00 | [debug]  Instance[4]: status=stopped, pid=null
2025-10-01 07:44:19.000 +02:00 | [debug]  Instance[0]: status=stopped, pid=null
2025-10-01 07:44:19.000 +02:00 | [debug]response queued: status=success len=4286
2025-10-01 07:44:19.000 +02:00 | [info]sent dump for all processes
2025-10-01 07:44:19.000 +02:00 | [info]state=MAILBOX_SEND_RESPONSE
2025-10-01 07:44:19.000 +02:00 | [debug]sent response header: status=success len=4286
2025-10-01 07:44:19.000 +02:00 | [debug]sent response payload: 4286 bytes
2025-10-01 07:44:19.000 +02:00 | [info]response sent successfully
2025-10-01 07:44:21.000 +02:00 | [info]peeked client command: .dump
2025-10-01 07:44:21.000 +02:00 | [info]state=MAILBOX_DECODE_CLIENT_COMMAND
2025-10-01 07:44:21.000 +02:00 | [info]client command: .dump
2025-10-01 07:44:21.000 +02:00 | [info]bell triggered due to client command
2025-10-01 07:44:21.000 +02:00 | [info]received command: .dump
2025-10-01 07:44:21.000 +02:00 | [info]state=SERVER_EXEC_NEW_COMMAND
2025-10-01 07:44:21.000 +02:00 | [info]executed command .dump, resuming wait
2025-10-01 07:44:21.000 +02:00 | [info]state=PM_NEEDS_TO_WAIT_FOR_COMMANDS 
2025-10-01 07:44:21.000 +02:00 | [info]state=PM_NEEDS_TO_EXEC_COMMAND
2025-10-01 07:44:21.000 +02:00 | [debug]  Instance[0]: status=running, pid=11209
2025-10-01 07:44:21.000 +02:00 | [debug]  Instance[1]: status=running, pid=11210
2025-10-01 07:44:21.000 +02:00 | [debug]  Instance[0]: status=stopped, pid=null
2025-10-01 07:44:21.000 +02:00 | [debug]  Instance[0]: status=stopped, pid=null
2025-10-01 07:44:21.000 +02:00 | [debug]  Instance[0]: status=stopped, pid=null
2025-10-01 07:44:21.000 +02:00 | [debug]  Instance[0]: status=stopped, pid=null
2025-10-01 07:44:21.000 +02:00 | [debug]  Instance[0]: status=stopped, pid=null
2025-10-01 07:44:21.000 +02:00 | [debug]  Instance[0]: status=stopped, pid=null
2025-10-01 07:44:21.000 +02:00 | [debug]  Instance[0]: status=stopped, pid=null
2025-10-01 07:44:21.000 +02:00 | [debug]  Instance[0]: status=stopped, pid=null
2025-10-01 07:44:21.000 +02:00 | [debug]  Instance[0]: status=stopped, pid=null
2025-10-01 07:44:21.000 +02:00 | [debug]  Instance[0]: status=stopped, pid=null
2025-10-01 07:44:21.000 +02:00 | [debug]  Instance[0]: status=stopped, pid=null
2025-10-01 07:44:21.000 +02:00 | [debug]  Instance[0]: status=stopped, pid=null
2025-10-01 07:44:21.000 +02:00 | [debug]  Instance[0]: status=stopped, pid=null
2025-10-01 07:44:21.000 +02:00 | [debug]  Instance[0]: status=stopped, pid=null
2025-10-01 07:44:21.000 +02:00 | [debug]  Instance[0]: status=stopped, pid=null
2025-10-01 07:44:21.000 +02:00 | [debug]  Instance[1]: status=stopped, pid=null
2025-10-01 07:44:21.000 +02:00 | [debug]  Instance[2]: status=stopped, pid=null
2025-10-01 07:44:21.000 +02:00 | [debug]  Instance[3]: status=stopped, pid=null
2025-10-01 07:44:21.000 +02:00 | [debug]  Instance[4]: status=stopped, pid=null
2025-10-01 07:44:21.000 +02:00 | [debug]  Instance[0]: status=stopped, pid=null
2025-10-01 07:44:21.000 +02:00 | [debug]response queued: status=success len=4286
2025-10-01 07:44:21.000 +02:00 | [info]sent dump for all processes
2025-10-01 07:44:21.000 +02:00 | [info]state=MAILBOX_SEND_RESPONSE
2025-10-01 07:44:21.000 +02:00 | [debug]sent response header: status=success len=4286
2025-10-01 07:44:21.000 +02:00 | [debug]sent response payload: 4286 bytes
2025-10-01 07:44:21.000 +02:00 | [info]response sent successfully
2025-10-01 07:44:23.000 +02:00 | [info]client EOF; disconnecting
2025-10-01 07:44:23.000 +02:00 | [info]disconnecting client (had_client=true)
2025-10-01 07:44:48.000 +02:00 | [info]accepted new client: fd=6
2025-10-01 07:44:48.000 +02:00 | [info]state=MAILBOX_ACCEPTED_NEW_CLIENT stop=false cli_null=false
2025-10-01 07:44:52.000 +02:00 | [info]peeked client command: .dump
2025-10-01 07:44:52.000 +02:00 | [info]state=MAILBOX_DECODE_CLIENT_COMMAND
2025-10-01 07:44:52.000 +02:00 | [info]client command: .dump
2025-10-01 07:44:52.000 +02:00 | [info]bell triggered due to client command
2025-10-01 07:44:52.000 +02:00 | [info]received command: .dump
2025-10-01 07:44:52.000 +02:00 | [info]state=SERVER_EXEC_NEW_COMMAND
2025-10-01 07:44:52.000 +02:00 | [info]executed command .dump, resuming wait
2025-10-01 07:44:52.000 +02:00 | [info]state=PM_NEEDS_TO_WAIT_FOR_COMMANDS 
2025-10-01 07:44:52.000 +02:00 | [info]state=PM_NEEDS_TO_EXEC_COMMAND
2025-10-01 07:44:52.000 +02:00 | [debug]  Instance[0]: status=running, pid=11209
2025-10-01 07:44:52.000 +02:00 | [debug]  Instance[1]: status=running, pid=11210
2025-10-01 07:44:52.000 +02:00 | [debug]  Instance[0]: status=stopped, pid=null
2025-10-01 07:44:52.000 +02:00 | [debug]  Instance[0]: status=stopped, pid=null
2025-10-01 07:44:52.000 +02:00 | [debug]  Instance[0]: status=stopped, pid=null
2025-10-01 07:44:52.000 +02:00 | [debug]  Instance[0]: status=stopped, pid=null
2025-10-01 07:44:52.000 +02:00 | [debug]  Instance[0]: status=stopped, pid=null
2025-10-01 07:44:52.000 +02:00 | [debug]  Instance[0]: status=stopped, pid=null
2025-10-01 07:44:52.000 +02:00 | [debug]  Instance[0]: status=stopped, pid=null
2025-10-01 07:44:52.000 +02:00 | [debug]  Instance[0]: status=stopped, pid=null
2025-10-01 07:44:52.000 +02:00 | [debug]  Instance[0]: status=stopped, pid=null
2025-10-01 07:44:52.000 +02:00 | [debug]  Instance[0]: status=stopped, pid=null
2025-10-01 07:44:52.000 +02:00 | [debug]  Instance[0]: status=stopped, pid=null
2025-10-01 07:44:52.000 +02:00 | [debug]  Instance[0]: status=stopped, pid=null
2025-10-01 07:44:52.000 +02:00 | [debug]  Instance[0]: status=stopped, pid=null
2025-10-01 07:44:52.000 +02:00 | [debug]  Instance[0]: status=stopped, pid=null
2025-10-01 07:44:52.000 +02:00 | [debug]  Instance[0]: status=stopped, pid=null
2025-10-01 07:44:52.000 +02:00 | [debug]  Instance[1]: status=stopped, pid=null
2025-10-01 07:44:52.000 +02:00 | [debug]  Instance[2]: status=stopped, pid=null
2025-10-01 07:44:52.000 +02:00 | [debug]  Instance[3]: status=stopped, pid=null
2025-10-01 07:44:52.000 +02:00 | [debug]  Instance[4]: status=stopped, pid=null
2025-10-01 07:44:52.000 +02:00 | [debug]  Instance[0]: status=stopped, pid=null
2025-10-01 07:44:52.000 +02:00 | [debug]response queued: status=success len=4286
2025-10-01 07:44:52.000 +02:00 | [info]sent dump for all processes
2025-10-01 07:44:52.000 +02:00 | [info]state=MAILBOX_SEND_RESPONSE
2025-10-01 07:44:52.000 +02:00 | [debug]sent response header: status=success len=4286
2025-10-01 07:44:52.000 +02:00 | [debug]sent response payload: 4286 bytes
2025-10-01 07:44:52.000 +02:00 | [info]response sent successfully
2025-10-01 07:45:38.000 +02:00 | [info]client EOF; disconnecting
2025-10-01 07:45:38.000 +02:00 | [info]disconnecting client (had_client=true)
2025-10-01 07:45:40.000 +02:00 | [info]accepted new client: fd=6
2025-10-01 07:45:40.000 +02:00 | [info]state=MAILBOX_ACCEPTED_NEW_CLIENT stop=false cli_null=false
2025-10-01 07:45:43.000 +02:00 | [info]peeked client command: .dump
2025-10-01 07:45:43.000 +02:00 | [info]state=MAILBOX_DECODE_CLIENT_COMMAND
2025-10-01 07:45:43.000 +02:00 | [info]client command: .dump
2025-10-01 07:45:43.000 +02:00 | [info]bell triggered due to client command
2025-10-01 07:45:43.000 +02:00 | [info]received command: .dump
2025-10-01 07:45:43.000 +02:00 | [info]state=SERVER_EXEC_NEW_COMMAND
2025-10-01 07:45:43.000 +02:00 | [info]executed command .dump, resuming wait
2025-10-01 07:45:43.000 +02:00 | [info]state=PM_NEEDS_TO_WAIT_FOR_COMMANDS 
2025-10-01 07:45:43.000 +02:00 | [info]state=PM_NEEDS_TO_EXEC_COMMAND
2025-10-01 07:45:43.000 +02:00 | [debug]  Instance[0]: status=running, pid=11209
2025-10-01 07:45:43.000 +02:00 | [debug]  Instance[1]: status=running, pid=11210
2025-10-01 07:45:43.000 +02:00 | [debug]  Instance[0]: status=stopped, pid=null
2025-10-01 07:45:43.000 +02:00 | [debug]  Instance[0]: status=stopped, pid=null
2025-10-01 07:45:43.000 +02:00 | [debug]  Instance[0]: status=stopped, pid=null
2025-10-01 07:45:43.000 +02:00 | [debug]  Instance[0]: status=stopped, pid=null
2025-10-01 07:45:43.000 +02:00 | [debug]  Instance[0]: status=stopped, pid=null
2025-10-01 07:45:43.000 +02:00 | [debug]  Instance[0]: status=stopped, pid=null
2025-10-01 07:45:43.000 +02:00 | [debug]  Instance[0]: status=stopped, pid=null
2025-10-01 07:45:43.000 +02:00 | [debug]  Instance[0]: status=stopped, pid=null
2025-10-01 07:45:43.000 +02:00 | [debug]  Instance[0]: status=stopped, pid=null
2025-10-01 07:45:43.000 +02:00 | [debug]  Instance[0]: status=stopped, pid=null
2025-10-01 07:45:43.000 +02:00 | [debug]  Instance[0]: status=stopped, pid=null
2025-10-01 07:45:43.000 +02:00 | [debug]  Instance[0]: status=stopped, pid=null
2025-10-01 07:45:43.000 +02:00 | [debug]  Instance[0]: status=stopped, pid=null
2025-10-01 07:45:43.000 +02:00 | [debug]  Instance[0]: status=stopped, pid=null
2025-10-01 07:45:43.000 +02:00 | [debug]  Instance[0]: status=stopped, pid=null
2025-10-01 07:45:43.000 +02:00 | [debug]  Instance[1]: status=stopped, pid=null
2025-10-01 07:45:43.000 +02:00 | [debug]  Instance[2]: status=stopped, pid=null
2025-10-01 07:45:43.000 +02:00 | [debug]  Instance[3]: status=stopped, pid=null
2025-10-01 07:45:43.000 +02:00 | [debug]  Instance[4]: status=stopped, pid=null
2025-10-01 07:45:43.000 +02:00 | [debug]  Instance[0]: status=stopped, pid=null
2025-10-01 07:45:43.000 +02:00 | [debug]response queued: status=success len=4286
2025-10-01 07:45:43.000 +02:00 | [info]sent dump for all processes
2025-10-01 07:45:43.000 +02:00 | [info]state=MAILBOX_SEND_RESPONSE
2025-10-01 07:45:43.000 +02:00 | [debug]sent response header: status=success len=4286
2025-10-01 07:45:43.000 +02:00 | [debug]sent response payload: 4286 bytes
2025-10-01 07:45:43.000 +02:00 | [info]response sent successfully
2025-10-01 07:47:31.000 +02:00 | [info]client EOF; disconnecting
2025-10-01 07:47:31.000 +02:00 | [info]disconnecting client (had_client=true)
2025-10-01 07:47:32.000 +02:00 | [info]accepted new client: fd=6
2025-10-01 07:47:32.000 +02:00 | [info]state=MAILBOX_ACCEPTED_NEW_CLIENT stop=false cli_null=false
2025-10-01 07:47:35.000 +02:00 | [info]peeked client command: .dump
2025-10-01 07:47:35.000 +02:00 | [info]state=MAILBOX_DECODE_CLIENT_COMMAND
2025-10-01 07:47:35.000 +02:00 | [info]client command: .dump
2025-10-01 07:47:35.000 +02:00 | [info]bell triggered due to client command
2025-10-01 07:47:35.000 +02:00 | [info]received command: .dump
2025-10-01 07:47:35.000 +02:00 | [info]state=SERVER_EXEC_NEW_COMMAND
2025-10-01 07:47:35.000 +02:00 | [info]executed command .dump, resuming wait
2025-10-01 07:47:35.000 +02:00 | [info]state=PM_NEEDS_TO_WAIT_FOR_COMMANDS 
2025-10-01 07:47:35.000 +02:00 | [info]state=PM_NEEDS_TO_EXEC_COMMAND
2025-10-01 07:47:35.000 +02:00 | [debug]  Instance[0]: status=running, pid=11209
2025-10-01 07:47:35.000 +02:00 | [debug]  Instance[1]: status=running, pid=11210
2025-10-01 07:47:35.000 +02:00 | [debug]  Instance[0]: status=stopped, pid=null
2025-10-01 07:47:35.000 +02:00 | [debug]  Instance[0]: status=stopped, pid=null
2025-10-01 07:47:35.000 +02:00 | [debug]  Instance[0]: status=stopped, pid=null
2025-10-01 07:47:35.000 +02:00 | [debug]  Instance[0]: status=stopped, pid=null
2025-10-01 07:47:35.000 +02:00 | [debug]  Instance[0]: status=stopped, pid=null
2025-10-01 07:47:35.000 +02:00 | [debug]  Instance[0]: status=stopped, pid=null
2025-10-01 07:47:35.000 +02:00 | [debug]  Instance[0]: status=stopped, pid=null
2025-10-01 07:47:35.000 +02:00 | [debug]  Instance[0]: status=stopped, pid=null
2025-10-01 07:47:35.000 +02:00 | [debug]  Instance[0]: status=stopped, pid=null
2025-10-01 07:47:35.000 +02:00 | [debug]  Instance[0]: status=stopped, pid=null
2025-10-01 07:47:35.000 +02:00 | [debug]  Instance[0]: status=stopped, pid=null
2025-10-01 07:47:35.000 +02:00 | [debug]  Instance[0]: status=stopped, pid=null
2025-10-01 07:47:35.000 +02:00 | [debug]  Instance[0]: status=stopped, pid=null
2025-10-01 07:47:35.000 +02:00 | [debug]  Instance[0]: status=stopped, pid=null
2025-10-01 07:47:35.000 +02:00 | [debug]  Instance[0]: status=stopped, pid=null
2025-10-01 07:47:35.000 +02:00 | [debug]  Instance[1]: status=stopped, pid=null
2025-10-01 07:47:35.000 +02:00 | [debug]  Instance[2]: status=stopped, pid=null
2025-10-01 07:47:35.000 +02:00 | [debug]  Instance[3]: status=stopped, pid=null
2025-10-01 07:47:35.000 +02:00 | [debug]  Instance[4]: status=stopped, pid=null
2025-10-01 07:47:35.000 +02:00 | [debug]  Instance[0]: status=stopped, pid=null
2025-10-01 07:47:35.000 +02:00 | [debug]response queued: status=success len=4286
2025-10-01 07:47:35.000 +02:00 | [info]sent dump for all processes
2025-10-01 07:47:35.000 +02:00 | [info]state=MAILBOX_SEND_RESPONSE
2025-10-01 07:47:35.000 +02:00 | [debug]sent response header: status=success len=4286
2025-10-01 07:47:35.000 +02:00 | [debug]sent response payload: 4286 bytes
2025-10-01 07:47:35.000 +02:00 | [info]response sent successfully
2025-10-01 07:47:37.000 +02:00 | [info]client EOF; disconnecting
2025-10-01 07:47:37.000 +02:00 | [info]disconnecting client (had_client=true)
2025-10-01 07:48:16.000 +02:00 | [info]accepted new client: fd=6
2025-10-01 07:48:16.000 +02:00 | [info]state=MAILBOX_ACCEPTED_NEW_CLIENT stop=false cli_null=false
2025-10-01 07:48:18.000 +02:00 | [info]peeked client command: .dump
2025-10-01 07:48:18.000 +02:00 | [info]state=MAILBOX_DECODE_CLIENT_COMMAND
2025-10-01 07:48:18.000 +02:00 | [info]client command: .dump
2025-10-01 07:48:18.000 +02:00 | [info]bell triggered due to client command
2025-10-01 07:48:18.000 +02:00 | [info]received command: .dump
2025-10-01 07:48:18.000 +02:00 | [info]state=SERVER_EXEC_NEW_COMMAND
2025-10-01 07:48:18.000 +02:00 | [info]executed command .dump, resuming wait
2025-10-01 07:48:18.000 +02:00 | [info]state=PM_NEEDS_TO_WAIT_FOR_COMMANDS 
2025-10-01 07:48:18.000 +02:00 | [info]state=PM_NEEDS_TO_EXEC_COMMAND
2025-10-01 07:48:18.000 +02:00 | [debug]  Instance[0]: status=running, pid=11209
2025-10-01 07:48:18.000 +02:00 | [debug]  Instance[1]: status=running, pid=11210
2025-10-01 07:48:18.000 +02:00 | [debug]  Instance[0]: status=stopped, pid=null
2025-10-01 07:48:18.000 +02:00 | [debug]  Instance[0]: status=stopped, pid=null
2025-10-01 07:48:18.000 +02:00 | [debug]  Instance[0]: status=stopped, pid=null
2025-10-01 07:48:18.000 +02:00 | [debug]  Instance[0]: status=stopped, pid=null
2025-10-01 07:48:18.000 +02:00 | [debug]  Instance[0]: status=stopped, pid=null
2025-10-01 07:48:18.000 +02:00 | [debug]  Instance[0]: status=stopped, pid=null
2025-10-01 07:48:18.000 +02:00 | [debug]  Instance[0]: status=stopped, pid=null
2025-10-01 07:48:18.000 +02:00 | [debug]  Instance[0]: status=stopped, pid=null
2025-10-01 07:48:18.000 +02:00 | [debug]  Instance[0]: status=stopped, pid=null
2025-10-01 07:48:18.000 +02:00 | [debug]  Instance[0]: status=stopped, pid=null
2025-10-01 07:48:18.000 +02:00 | [debug]  Instance[0]: status=stopped, pid=null
2025-10-01 07:48:18.000 +02:00 | [debug]  Instance[0]: status=stopped, pid=null
2025-10-01 07:48:18.000 +02:00 | [debug]  Instance[0]: status=stopped, pid=null
2025-10-01 07:48:18.000 +02:00 | [debug]  Instance[0]: status=stopped, pid=null
2025-10-01 07:48:18.000 +02:00 | [debug]  Instance[0]: status=stopped, pid=null
2025-10-01 07:48:18.000 +02:00 | [debug]  Instance[1]: status=stopped, pid=null
2025-10-01 07:48:18.000 +02:00 | [debug]  Instance[2]: status=stopped, pid=null
2025-10-01 07:48:18.000 +02:00 | [debug]  Instance[3]: status=stopped, pid=null
2025-10-01 07:48:18.000 +02:00 | [debug]  Instance[4]: status=stopped, pid=null
2025-10-01 07:48:18.000 +02:00 | [debug]  Instance[0]: status=stopped, pid=null
2025-10-01 07:48:18.000 +02:00 | [debug]response queued: status=success len=4286
2025-10-01 07:48:18.000 +02:00 | [info]sent dump for all processes
2025-10-01 07:48:18.000 +02:00 | [info]state=MAILBOX_SEND_RESPONSE
2025-10-01 07:48:18.000 +02:00 | [debug]sent response header: status=success len=4286
2025-10-01 07:48:18.000 +02:00 | [debug]sent response payload: 4286 bytes
2025-10-01 07:48:18.000 +02:00 | [info]response sent successfully
2025-10-01 07:48:41.000 +02:00 | [info]client EOF; disconnecting
2025-10-01 07:48:41.000 +02:00 | [info]disconnecting client (had_client=true)
2025-10-01 07:48:42.000 +02:00 | [info]accepted new client: fd=6
2025-10-01 07:48:42.000 +02:00 | [info]state=MAILBOX_ACCEPTED_NEW_CLIENT stop=false cli_null=false
2025-10-01 07:48:44.000 +02:00 | [info]peeked client command: .dump
2025-10-01 07:48:44.000 +02:00 | [info]state=MAILBOX_DECODE_CLIENT_COMMAND
2025-10-01 07:48:44.000 +02:00 | [info]client command: .dump
2025-10-01 07:48:44.000 +02:00 | [info]bell triggered due to client command
2025-10-01 07:48:44.000 +02:00 | [info]received command: .dump
2025-10-01 07:48:44.000 +02:00 | [info]state=SERVER_EXEC_NEW_COMMAND
2025-10-01 07:48:44.000 +02:00 | [info]executed command .dump, resuming wait
2025-10-01 07:48:44.000 +02:00 | [info]state=PM_NEEDS_TO_WAIT_FOR_COMMANDS 
2025-10-01 07:48:44.000 +02:00 | [info]state=PM_NEEDS_TO_EXEC_COMMAND
2025-10-01 07:48:44.000 +02:00 | [debug]  Instance[0]: status=running, pid=11209
2025-10-01 07:48:44.000 +02:00 | [debug]  Instance[1]: status=running, pid=11210
2025-10-01 07:48:44.000 +02:00 | [debug]  Instance[0]: status=stopped, pid=null
2025-10-01 07:48:44.000 +02:00 | [debug]  Instance[0]: status=stopped, pid=null
2025-10-01 07:48:44.000 +02:00 | [debug]  Instance[0]: status=stopped, pid=null
2025-10-01 07:48:44.000 +02:00 | [debug]  Instance[0]: status=stopped, pid=null
2025-10-01 07:48:44.000 +02:00 | [debug]  Instance[0]: status=stopped, pid=null
2025-10-01 07:48:44.000 +02:00 | [debug]  Instance[0]: status=stopped, pid=null
2025-10-01 07:48:44.000 +02:00 | [debug]  Instance[0]: status=stopped, pid=null
2025-10-01 07:48:44.000 +02:00 | [debug]  Instance[0]: status=stopped, pid=null
2025-10-01 07:48:44.000 +02:00 | [debug]  Instance[0]: status=stopped, pid=null
2025-10-01 07:48:44.000 +02:00 | [debug]  Instance[0]: status=stopped, pid=null
2025-10-01 07:48:44.000 +02:00 | [debug]  Instance[0]: status=stopped, pid=null
2025-10-01 07:48:44.000 +02:00 | [debug]  Instance[0]: status=stopped, pid=null
2025-10-01 07:48:44.000 +02:00 | [debug]  Instance[0]: status=stopped, pid=null
2025-10-01 07:48:44.000 +02:00 | [debug]  Instance[0]: status=stopped, pid=null
2025-10-01 07:48:44.000 +02:00 | [debug]  Instance[0]: status=stopped, pid=null
2025-10-01 07:48:44.000 +02:00 | [debug]  Instance[1]: status=stopped, pid=null
2025-10-01 07:48:44.000 +02:00 | [debug]  Instance[2]: status=stopped, pid=null
2025-10-01 07:48:44.000 +02:00 | [debug]  Instance[3]: status=stopped, pid=null
2025-10-01 07:48:44.000 +02:00 | [debug]  Instance[4]: status=stopped, pid=null
2025-10-01 07:48:44.000 +02:00 | [debug]  Instance[0]: status=stopped, pid=null
2025-10-01 07:48:44.000 +02:00 | [debug]response queued: status=success len=4286
2025-10-01 07:48:44.000 +02:00 | [info]sent dump for all processes
2025-10-01 07:48:44.000 +02:00 | [info]state=MAILBOX_SEND_RESPONSE
2025-10-01 07:48:44.000 +02:00 | [debug]sent response header: status=success len=4286
2025-10-01 07:48:44.000 +02:00 | [debug]sent response payload: 4286 bytes
2025-10-01 07:48:44.000 +02:00 | [info]response sent successfully
2025-10-01 07:48:51.000 +02:00 | [info]client EOF; disconnecting
2025-10-01 07:48:51.000 +02:00 | [info]disconnecting client (had_client=true)
2025-10-01 07:59:42.000 +02:00 | [info]accepted new client: fd=6
2025-10-01 07:59:42.000 +02:00 | [info]state=MAILBOX_ACCEPTED_NEW_CLIENT stop=false cli_null=false
2025-10-01 07:59:47.000 +02:00 | [info]peeked client command: .dump
2025-10-01 07:59:47.000 +02:00 | [info]state=MAILBOX_DECODE_CLIENT_COMMAND
2025-10-01 07:59:47.000 +02:00 | [info]client command: .dump
2025-10-01 07:59:47.000 +02:00 | [info]bell triggered due to client command
2025-10-01 07:59:47.000 +02:00 | [info]received command: .dump
2025-10-01 07:59:47.000 +02:00 | [info]state=SERVER_EXEC_NEW_COMMAND
2025-10-01 07:59:47.000 +02:00 | [info]executed command .dump, resuming wait
2025-10-01 07:59:47.000 +02:00 | [info]state=PM_NEEDS_TO_WAIT_FOR_COMMANDS 
2025-10-01 07:59:47.000 +02:00 | [info]state=PM_NEEDS_TO_EXEC_COMMAND
2025-10-01 07:59:47.000 +02:00 | [debug]  Instance[0]: status=running, pid=11209
2025-10-01 07:59:47.000 +02:00 | [debug]  Instance[1]: status=running, pid=11210
2025-10-01 07:59:47.000 +02:00 | [debug]  Instance[0]: status=stopped, pid=null
2025-10-01 07:59:47.000 +02:00 | [debug]  Instance[0]: status=stopped, pid=null
2025-10-01 07:59:47.000 +02:00 | [debug]  Instance[0]: status=stopped, pid=null
2025-10-01 07:59:47.000 +02:00 | [debug]  Instance[0]: status=stopped, pid=null
2025-10-01 07:59:47.000 +02:00 | [debug]  Instance[0]: status=stopped, pid=null
2025-10-01 07:59:47.000 +02:00 | [debug]  Instance[0]: status=stopped, pid=null
2025-10-01 07:59:47.000 +02:00 | [debug]  Instance[0]: status=stopped, pid=null
2025-10-01 07:59:47.000 +02:00 | [debug]  Instance[0]: status=stopped, pid=null
2025-10-01 07:59:47.000 +02:00 | [debug]  Instance[0]: status=stopped, pid=null
2025-10-01 07:59:47.000 +02:00 | [debug]  Instance[0]: status=stopped, pid=null
2025-10-01 07:59:47.000 +02:00 | [debug]  Instance[0]: status=stopped, pid=null
2025-10-01 07:59:47.000 +02:00 | [debug]  Instance[0]: status=stopped, pid=null
2025-10-01 07:59:47.000 +02:00 | [debug]  Instance[0]: status=stopped, pid=null
2025-10-01 07:59:47.000 +02:00 | [debug]  Instance[0]: status=stopped, pid=null
2025-10-01 07:59:47.000 +02:00 | [debug]  Instance[0]: status=stopped, pid=null
2025-10-01 07:59:47.000 +02:00 | [debug]  Instance[1]: status=stopped, pid=null
2025-10-01 07:59:47.000 +02:00 | [debug]  Instance[2]: status=stopped, pid=null
2025-10-01 07:59:47.000 +02:00 | [debug]  Instance[3]: status=stopped, pid=null
2025-10-01 07:59:47.000 +02:00 | [debug]  Instance[4]: status=stopped, pid=null
2025-10-01 07:59:47.000 +02:00 | [debug]  Instance[0]: status=stopped, pid=null
2025-10-01 07:59:47.000 +02:00 | [debug]response queued: status=success len=4286
2025-10-01 07:59:47.000 +02:00 | [info]sent dump for all processes
2025-10-01 07:59:47.000 +02:00 | [info]state=MAILBOX_SEND_RESPONSE
2025-10-01 07:59:47.000 +02:00 | [debug]sent response header: status=success len=4286
2025-10-01 07:59:47.000 +02:00 | [debug]sent response payload: 4286 bytes
2025-10-01 07:59:47.000 +02:00 | [info]response sent successfully
2025-10-01 07:59:50.000 +02:00 | [info]client EOF; disconnecting
2025-10-01 07:59:50.000 +02:00 | [info]disconnecting client (had_client=true)
2025-10-01 08:00:07.000 +02:00 | [info]accepted new client: fd=6
2025-10-01 08:00:07.000 +02:00 | [info]state=MAILBOX_ACCEPTED_NEW_CLIENT stop=false cli_null=false
2025-10-01 08:00:10.000 +02:00 | [info]peeked client command: .dump
2025-10-01 08:00:10.000 +02:00 | [info]state=MAILBOX_DECODE_CLIENT_COMMAND
2025-10-01 08:00:10.000 +02:00 | [info]client command: .dump
2025-10-01 08:00:10.000 +02:00 | [info]bell triggered due to client command
2025-10-01 08:00:10.000 +02:00 | [info]received command: .dump
2025-10-01 08:00:10.000 +02:00 | [info]state=SERVER_EXEC_NEW_COMMAND
2025-10-01 08:00:10.000 +02:00 | [info]executed command .dump, resuming wait
2025-10-01 08:00:10.000 +02:00 | [info]state=PM_NEEDS_TO_WAIT_FOR_COMMANDS 
2025-10-01 08:00:10.000 +02:00 | [info]state=PM_NEEDS_TO_EXEC_COMMAND
2025-10-01 08:00:10.000 +02:00 | [debug]  Instance[0]: status=running, pid=11209
2025-10-01 08:00:10.000 +02:00 | [debug]  Instance[1]: status=running, pid=11210
2025-10-01 08:00:10.000 +02:00 | [debug]  Instance[0]: status=stopped, pid=null
2025-10-01 08:00:10.000 +02:00 | [debug]  Instance[0]: status=stopped, pid=null
2025-10-01 08:00:10.000 +02:00 | [debug]  Instance[0]: status=stopped, pid=null
2025-10-01 08:00:10.000 +02:00 | [debug]  Instance[0]: status=stopped, pid=null
2025-10-01 08:00:10.000 +02:00 | [debug]  Instance[0]: status=stopped, pid=null
2025-10-01 08:00:10.000 +02:00 | [debug]  Instance[0]: status=stopped, pid=null
2025-10-01 08:00:10.000 +02:00 | [debug]  Instance[0]: status=stopped, pid=null
2025-10-01 08:00:10.000 +02:00 | [debug]  Instance[0]: status=stopped, pid=null
2025-10-01 08:00:10.000 +02:00 | [debug]  Instance[0]: status=stopped, pid=null
2025-10-01 08:00:10.000 +02:00 | [debug]  Instance[0]: status=stopped, pid=null
2025-10-01 08:00:10.000 +02:00 | [debug]  Instance[0]: status=stopped, pid=null
2025-10-01 08:00:10.000 +02:00 | [debug]  Instance[0]: status=stopped, pid=null
2025-10-01 08:00:10.000 +02:00 | [debug]  Instance[0]: status=stopped, pid=null
2025-10-01 08:00:10.000 +02:00 | [debug]  Instance[0]: status=stopped, pid=null
2025-10-01 08:00:10.000 +02:00 | [debug]  Instance[0]: status=stopped, pid=null
2025-10-01 08:00:10.000 +02:00 | [debug]  Instance[1]: status=stopped, pid=null
2025-10-01 08:00:10.000 +02:00 | [debug]  Instance[2]: status=stopped, pid=null
2025-10-01 08:00:10.000 +02:00 | [debug]  Instance[3]: status=stopped, pid=null
2025-10-01 08:00:10.000 +02:00 | [debug]  Instance[4]: status=stopped, pid=null
2025-10-01 08:00:10.000 +02:00 | [debug]  Instance[0]: status=stopped, pid=null
2025-10-01 08:00:10.000 +02:00 | [debug]response queued: status=success len=4286
2025-10-01 08:00:10.000 +02:00 | [info]sent dump for all processes
2025-10-01 08:00:10.000 +02:00 | [info]state=MAILBOX_SEND_RESPONSE
2025-10-01 08:00:10.000 +02:00 | [debug]sent response header: status=success len=4286
2025-10-01 08:00:10.000 +02:00 | [debug]sent response payload: 4286 bytes
2025-10-01 08:00:10.000 +02:00 | [info]response sent successfully
2025-10-01 08:00:32.000 +02:00 | [info]client EOF; disconnecting
2025-10-01 08:00:32.000 +02:00 | [info]disconnecting client (had_client=true)
2025-10-01 08:01:20.000 +02:00 | [info]accepted new client: fd=6
2025-10-01 08:01:20.000 +02:00 | [info]state=MAILBOX_ACCEPTED_NEW_CLIENT stop=false cli_null=false
2025-10-01 08:01:23.000 +02:00 | [info]peeked client command: .dump
2025-10-01 08:01:23.000 +02:00 | [info]state=MAILBOX_DECODE_CLIENT_COMMAND
2025-10-01 08:01:23.000 +02:00 | [info]client command: .dump
2025-10-01 08:01:23.000 +02:00 | [info]bell triggered due to client command
2025-10-01 08:01:23.000 +02:00 | [info]received command: .dump
2025-10-01 08:01:23.000 +02:00 | [info]state=SERVER_EXEC_NEW_COMMAND
2025-10-01 08:01:23.000 +02:00 | [info]executed command .dump, resuming wait
2025-10-01 08:01:23.000 +02:00 | [info]state=PM_NEEDS_TO_WAIT_FOR_COMMANDS 
2025-10-01 08:01:23.000 +02:00 | [info]state=PM_NEEDS_TO_EXEC_COMMAND
2025-10-01 08:01:23.000 +02:00 | [debug]  Instance[0]: status=running, pid=11209
2025-10-01 08:01:23.000 +02:00 | [debug]  Instance[1]: status=running, pid=11210
2025-10-01 08:01:23.000 +02:00 | [debug]  Instance[0]: status=stopped, pid=null
2025-10-01 08:01:23.000 +02:00 | [debug]  Instance[0]: status=stopped, pid=null
2025-10-01 08:01:23.000 +02:00 | [debug]  Instance[0]: status=stopped, pid=null
2025-10-01 08:01:23.000 +02:00 | [debug]  Instance[0]: status=stopped, pid=null
2025-10-01 08:01:23.000 +02:00 | [debug]  Instance[0]: status=stopped, pid=null
2025-10-01 08:01:23.000 +02:00 | [debug]  Instance[0]: status=stopped, pid=null
2025-10-01 08:01:23.000 +02:00 | [debug]  Instance[0]: status=stopped, pid=null
2025-10-01 08:01:23.000 +02:00 | [debug]  Instance[0]: status=stopped, pid=null
2025-10-01 08:01:23.000 +02:00 | [debug]  Instance[0]: status=stopped, pid=null
2025-10-01 08:01:23.000 +02:00 | [debug]  Instance[0]: status=stopped, pid=null
2025-10-01 08:01:23.000 +02:00 | [debug]  Instance[0]: status=stopped, pid=null
2025-10-01 08:01:23.000 +02:00 | [debug]  Instance[0]: status=stopped, pid=null
2025-10-01 08:01:23.000 +02:00 | [debug]  Instance[0]: status=stopped, pid=null
2025-10-01 08:01:23.000 +02:00 | [debug]  Instance[0]: status=stopped, pid=null
2025-10-01 08:01:23.000 +02:00 | [debug]  Instance[0]: status=stopped, pid=null
2025-10-01 08:01:23.000 +02:00 | [debug]  Instance[1]: status=stopped, pid=null
2025-10-01 08:01:23.000 +02:00 | [debug]  Instance[2]: status=stopped, pid=null
2025-10-01 08:01:23.000 +02:00 | [debug]  Instance[3]: status=stopped, pid=null
2025-10-01 08:01:23.000 +02:00 | [debug]  Instance[4]: status=stopped, pid=null
2025-10-01 08:01:23.000 +02:00 | [debug]  Instance[0]: status=stopped, pid=null
2025-10-01 08:01:23.000 +02:00 | [debug]response queued: status=success len=4286
2025-10-01 08:01:23.000 +02:00 | [info]sent dump for all processes
2025-10-01 08:01:23.000 +02:00 | [info]state=MAILBOX_SEND_RESPONSE
2025-10-01 08:01:23.000 +02:00 | [debug]sent response header: status=success len=4286
2025-10-01 08:01:23.000 +02:00 | [debug]sent response payload: 4286 bytes
2025-10-01 08:01:23.000 +02:00 | [info]response sent successfully
2025-10-01 08:01:26.000 +02:00 | [info]client EOF; disconnecting
2025-10-01 08:01:26.000 +02:00 | [info]disconnecting client (had_client=true)
2025-10-01 08:01:42.000 +02:00 | [info]accepted new client: fd=6
2025-10-01 08:01:42.000 +02:00 | [info]state=MAILBOX_ACCEPTED_NEW_CLIENT stop=false cli_null=false
2025-10-01 08:01:45.000 +02:00 | [info]peeked client command: .dump
2025-10-01 08:01:45.000 +02:00 | [info]state=MAILBOX_DECODE_CLIENT_COMMAND
2025-10-01 08:01:45.000 +02:00 | [info]client command: .dump
2025-10-01 08:01:45.000 +02:00 | [info]bell triggered due to client command
2025-10-01 08:01:45.000 +02:00 | [info]received command: .dump
2025-10-01 08:01:45.000 +02:00 | [info]state=SERVER_EXEC_NEW_COMMAND
2025-10-01 08:01:45.000 +02:00 | [info]executed command .dump, resuming wait
2025-10-01 08:01:45.000 +02:00 | [info]state=PM_NEEDS_TO_WAIT_FOR_COMMANDS 
2025-10-01 08:01:45.000 +02:00 | [info]state=PM_NEEDS_TO_EXEC_COMMAND
2025-10-01 08:01:45.000 +02:00 | [debug]  Instance[0]: status=running, pid=11209
2025-10-01 08:01:45.000 +02:00 | [debug]  Instance[1]: status=running, pid=11210
2025-10-01 08:01:45.000 +02:00 | [debug]  Instance[0]: status=stopped, pid=null
2025-10-01 08:01:45.000 +02:00 | [debug]  Instance[0]: status=stopped, pid=null
2025-10-01 08:01:45.000 +02:00 | [debug]  Instance[0]: status=stopped, pid=null
2025-10-01 08:01:45.000 +02:00 | [debug]  Instance[0]: status=stopped, pid=null
2025-10-01 08:01:45.000 +02:00 | [debug]  Instance[0]: status=stopped, pid=null
2025-10-01 08:01:45.000 +02:00 | [debug]  Instance[0]: status=stopped, pid=null
2025-10-01 08:01:45.000 +02:00 | [debug]  Instance[0]: status=stopped, pid=null
2025-10-01 08:01:45.000 +02:00 | [debug]  Instance[0]: status=stopped, pid=null
2025-10-01 08:01:45.000 +02:00 | [debug]  Instance[0]: status=stopped, pid=null
2025-10-01 08:01:45.000 +02:00 | [debug]  Instance[0]: status=stopped, pid=null
2025-10-01 08:01:45.000 +02:00 | [debug]  Instance[0]: status=stopped, pid=null
2025-10-01 08:01:45.000 +02:00 | [debug]  Instance[0]: status=stopped, pid=null
2025-10-01 08:01:45.000 +02:00 | [debug]  Instance[0]: status=stopped, pid=null
2025-10-01 08:01:45.000 +02:00 | [debug]  Instance[0]: status=stopped, pid=null
2025-10-01 08:01:45.000 +02:00 | [debug]  Instance[0]: status=stopped, pid=null
2025-10-01 08:01:45.000 +02:00 | [debug]  Instance[1]: status=stopped, pid=null
2025-10-01 08:01:45.000 +02:00 | [debug]  Instance[2]: status=stopped, pid=null
2025-10-01 08:01:45.000 +02:00 | [debug]  Instance[3]: status=stopped, pid=null
2025-10-01 08:01:45.000 +02:00 | [debug]  Instance[4]: status=stopped, pid=null
2025-10-01 08:01:45.000 +02:00 | [debug]  Instance[0]: status=stopped, pid=null
2025-10-01 08:01:45.000 +02:00 | [debug]response queued: status=success len=4286
2025-10-01 08:01:45.000 +02:00 | [info]sent dump for all processes
2025-10-01 08:01:45.000 +02:00 | [info]state=MAILBOX_SEND_RESPONSE
2025-10-01 08:01:45.000 +02:00 | [debug]sent response header: status=success len=4286
2025-10-01 08:01:45.000 +02:00 | [debug]sent response payload: 4286 bytes
2025-10-01 08:01:45.000 +02:00 | [info]response sent successfully
2025-10-01 08:01:53.000 +02:00 | [info]client EOF; disconnecting
2025-10-01 08:01:53.000 +02:00 | [info]disconnecting client (had_client=true)
2025-10-01 08:01:54.000 +02:00 | [info]accepted new client: fd=6
2025-10-01 08:01:54.000 +02:00 | [info]state=MAILBOX_ACCEPTED_NEW_CLIENT stop=false cli_null=false
2025-10-01 08:01:55.000 +02:00 | [info]peeked client command: .dump
2025-10-01 08:01:55.000 +02:00 | [info]state=MAILBOX_DECODE_CLIENT_COMMAND
2025-10-01 08:01:55.000 +02:00 | [info]client command: .dump
2025-10-01 08:01:55.000 +02:00 | [info]bell triggered due to client command
2025-10-01 08:01:55.000 +02:00 | [info]received command: .dump
2025-10-01 08:01:55.000 +02:00 | [info]state=SERVER_EXEC_NEW_COMMAND
2025-10-01 08:01:55.000 +02:00 | [info]executed command .dump, resuming wait
2025-10-01 08:01:55.000 +02:00 | [info]state=PM_NEEDS_TO_WAIT_FOR_COMMANDS 
2025-10-01 08:01:55.000 +02:00 | [info]state=PM_NEEDS_TO_EXEC_COMMAND
2025-10-01 08:01:55.000 +02:00 | [debug]  Instance[0]: status=running, pid=11209
2025-10-01 08:01:55.000 +02:00 | [debug]  Instance[1]: status=running, pid=11210
2025-10-01 08:01:55.000 +02:00 | [debug]  Instance[0]: status=stopped, pid=null
2025-10-01 08:01:55.000 +02:00 | [debug]  Instance[0]: status=stopped, pid=null
2025-10-01 08:01:55.000 +02:00 | [debug]  Instance[0]: status=stopped, pid=null
2025-10-01 08:01:55.000 +02:00 | [debug]  Instance[0]: status=stopped, pid=null
2025-10-01 08:01:55.000 +02:00 | [debug]  Instance[0]: status=stopped, pid=null
2025-10-01 08:01:55.000 +02:00 | [debug]  Instance[0]: status=stopped, pid=null
2025-10-01 08:01:55.000 +02:00 | [debug]  Instance[0]: status=stopped, pid=null
2025-10-01 08:01:55.000 +02:00 | [debug]  Instance[0]: status=stopped, pid=null
2025-10-01 08:01:55.000 +02:00 | [debug]  Instance[0]: status=stopped, pid=null
2025-10-01 08:01:55.000 +02:00 | [debug]  Instance[0]: status=stopped, pid=null
2025-10-01 08:01:55.000 +02:00 | [debug]  Instance[0]: status=stopped, pid=null
2025-10-01 08:01:55.000 +02:00 | [debug]  Instance[0]: status=stopped, pid=null
2025-10-01 08:01:55.000 +02:00 | [debug]  Instance[0]: status=stopped, pid=null
2025-10-01 08:01:55.000 +02:00 | [debug]  Instance[0]: status=stopped, pid=null
2025-10-01 08:01:55.000 +02:00 | [debug]  Instance[0]: status=stopped, pid=null
2025-10-01 08:01:55.000 +02:00 | [debug]  Instance[1]: status=stopped, pid=null
2025-10-01 08:01:55.000 +02:00 | [debug]  Instance[2]: status=stopped, pid=null
2025-10-01 08:01:55.000 +02:00 | [debug]  Instance[3]: status=stopped, pid=null
2025-10-01 08:01:55.000 +02:00 | [debug]  Instance[4]: status=stopped, pid=null
2025-10-01 08:01:55.000 +02:00 | [debug]  Instance[0]: status=stopped, pid=null
2025-10-01 08:01:55.000 +02:00 | [debug]response queued: status=success len=4286
2025-10-01 08:01:55.000 +02:00 | [info]sent dump for all processes
2025-10-01 08:01:55.000 +02:00 | [info]state=MAILBOX_SEND_RESPONSE
2025-10-01 08:01:55.000 +02:00 | [debug]sent response header: status=success len=4286
2025-10-01 08:01:55.000 +02:00 | [debug]sent response payload: 4286 bytes
2025-10-01 08:01:55.000 +02:00 | [info]response sent successfully
2025-10-01 08:02:15.000 +02:00 | [info]client EOF; disconnecting
2025-10-01 08:02:15.000 +02:00 | [info]disconnecting client (had_client=true)
2025-10-01 08:03:45.000 +02:00 | [info]accepted new client: fd=6
2025-10-01 08:03:45.000 +02:00 | [info]state=MAILBOX_ACCEPTED_NEW_CLIENT stop=false cli_null=false
2025-10-01 08:03:50.000 +02:00 | [info]client EOF; disconnecting
2025-10-01 08:03:50.000 +02:00 | [info]disconnecting client (had_client=true)
2025-10-01 08:04:13.000 +02:00 | [info]accepted new client: fd=6
2025-10-01 08:04:13.000 +02:00 | [info]state=MAILBOX_ACCEPTED_NEW_CLIENT stop=false cli_null=false
2025-10-01 08:04:15.000 +02:00 | [info]peeked client command: .dump
2025-10-01 08:04:15.000 +02:00 | [info]state=MAILBOX_DECODE_CLIENT_COMMAND
2025-10-01 08:04:15.000 +02:00 | [info]client command: .dump
2025-10-01 08:04:15.000 +02:00 | [info]bell triggered due to client command
2025-10-01 08:04:15.000 +02:00 | [info]received command: .dump
2025-10-01 08:04:15.000 +02:00 | [info]state=SERVER_EXEC_NEW_COMMAND
2025-10-01 08:04:15.000 +02:00 | [info]executed command .dump, resuming wait
2025-10-01 08:04:15.000 +02:00 | [info]state=PM_NEEDS_TO_WAIT_FOR_COMMANDS 
2025-10-01 08:04:15.000 +02:00 | [info]state=PM_NEEDS_TO_EXEC_COMMAND
2025-10-01 08:04:15.000 +02:00 | [debug]  Instance[0]: status=running, pid=11209
2025-10-01 08:04:15.000 +02:00 | [debug]  Instance[1]: status=running, pid=11210
2025-10-01 08:04:15.000 +02:00 | [debug]  Instance[0]: status=stopped, pid=null
2025-10-01 08:04:15.000 +02:00 | [debug]  Instance[0]: status=stopped, pid=null
2025-10-01 08:04:15.000 +02:00 | [debug]  Instance[0]: status=stopped, pid=null
2025-10-01 08:04:15.000 +02:00 | [debug]  Instance[0]: status=stopped, pid=null
2025-10-01 08:04:15.000 +02:00 | [debug]  Instance[0]: status=stopped, pid=null
2025-10-01 08:04:15.000 +02:00 | [debug]  Instance[0]: status=stopped, pid=null
2025-10-01 08:04:15.000 +02:00 | [debug]  Instance[0]: status=stopped, pid=null
2025-10-01 08:04:15.000 +02:00 | [debug]  Instance[0]: status=stopped, pid=null
2025-10-01 08:04:15.000 +02:00 | [debug]  Instance[0]: status=stopped, pid=null
2025-10-01 08:04:15.000 +02:00 | [debug]  Instance[0]: status=stopped, pid=null
2025-10-01 08:04:15.000 +02:00 | [debug]  Instance[0]: status=stopped, pid=null
2025-10-01 08:04:15.000 +02:00 | [debug]  Instance[0]: status=stopped, pid=null
2025-10-01 08:04:15.000 +02:00 | [debug]  Instance[0]: status=stopped, pid=null
2025-10-01 08:04:15.000 +02:00 | [debug]  Instance[0]: status=stopped, pid=null
2025-10-01 08:04:15.000 +02:00 | [debug]  Instance[0]: status=stopped, pid=null
2025-10-01 08:04:15.000 +02:00 | [debug]  Instance[1]: status=stopped, pid=null
2025-10-01 08:04:15.000 +02:00 | [debug]  Instance[2]: status=stopped, pid=null
2025-10-01 08:04:15.000 +02:00 | [debug]  Instance[3]: status=stopped, pid=null
2025-10-01 08:04:15.000 +02:00 | [debug]  Instance[4]: status=stopped, pid=null
2025-10-01 08:04:15.000 +02:00 | [debug]  Instance[0]: status=stopped, pid=null
2025-10-01 08:04:15.000 +02:00 | [debug]response queued: status=success len=4286
2025-10-01 08:04:15.000 +02:00 | [info]sent dump for all processes
2025-10-01 08:04:15.000 +02:00 | [info]state=MAILBOX_SEND_RESPONSE
2025-10-01 08:04:15.000 +02:00 | [debug]sent response header: status=success len=4286
2025-10-01 08:04:15.000 +02:00 | [debug]sent response payload: 4286 bytes
2025-10-01 08:04:15.000 +02:00 | [info]response sent successfully
2025-10-01 08:04:35.000 +02:00 | [info]peeked client command: .start
2025-10-01 08:04:35.000 +02:00 | [info]state=MAILBOX_DECODE_CLIENT_COMMAND
2025-10-01 08:04:35.000 +02:00 | [info]client command: .start (payload 10 bytes)
2025-10-01 08:04:35.000 +02:00 | [info]bell triggered due to client command
2025-10-01 08:04:35.000 +02:00 | [info]received command: .start
2025-10-01 08:04:35.000 +02:00 | [info]state=SERVER_EXEC_NEW_COMMAND
2025-10-01 08:04:35.000 +02:00 | [info]executed command .start, resuming wait
2025-10-01 08:04:35.000 +02:00 | [info]state=PM_NEEDS_TO_WAIT_FOR_COMMANDS 
2025-10-01 08:04:35.000 +02:00 | [info]state=PM_NEEDS_TO_EXEC_COMMAND
2025-10-01 08:04:35.000 +02:00 | [info]starting process test_umask[0] (current status: stopped)
2025-10-01 08:04:35.000 +02:00 | [info][child.start] cmd=zig-out/bin/simple_success
2025-10-01 08:04:35.000 +02:00 | [info][child.start] argv[0]=zig-out/bin/simple_success
2025-10-01 08:04:35.000 +02:00 | [debug]updated live PID tracking: pid=16926 for process test_umask[0]
2025-10-01 08:04:35.000 +02:00 | [debug]response queued: status=success len=29
2025-10-01 08:04:35.000 +02:00 | [info]started test_umask
2025-10-01 08:04:35.000 +02:00 | [info]state=MAILBOX_SEND_RESPONSE
2025-10-01 08:04:35.000 +02:00 | [debug]sent response header: status=success len=29
2025-10-01 08:04:35.000 +02:00 | [debug]sent response payload: 29 bytes
2025-10-01 08:04:35.000 +02:00 | [info]response sent successfully
2025-10-01 08:04:36.000 +02:00 | [debug]updated live PID tracking: pid=16926 for process test_umask[0]
2025-10-01 08:04:36.000 +02:00 | [info]process test_umask[0] marked as successfully started (retries reset)
2025-10-01 08:04:37.000 +02:00 | [info]process pid=16926 exited with code=0 signal=null
2025-10-01 08:04:37.000 +02:00 | [debug]removed PID 16926 from live tracking
2025-10-01 08:04:37.000 +02:00 | [info]detected exit of process test_umask[0] pid=16926
2025-10-01 08:04:37.000 +02:00 | [info]process test_umask[0] stopped (expected exit)
2025-10-01 08:04:37.000 +02:00 | [debug]signals detected - sighup=false sigterm=false sigint=false sigchld=true
2025-10-01 08:04:37.000 +02:00 | [debug]received SIGCHLD - child process state changed
2025-10-01 08:04:38.000 +02:00 | [info]peeked client command: .dump
2025-10-01 08:04:38.000 +02:00 | [info]state=MAILBOX_DECODE_CLIENT_COMMAND
2025-10-01 08:04:38.000 +02:00 | [info]client command: .dump
2025-10-01 08:04:38.000 +02:00 | [info]bell triggered due to client command
2025-10-01 08:04:38.000 +02:00 | [info]received command: .dump
2025-10-01 08:04:38.000 +02:00 | [info]state=SERVER_EXEC_NEW_COMMAND
2025-10-01 08:04:38.000 +02:00 | [info]executed command .dump, resuming wait
2025-10-01 08:04:38.000 +02:00 | [info]state=PM_NEEDS_TO_WAIT_FOR_COMMANDS 
2025-10-01 08:04:38.000 +02:00 | [info]state=PM_NEEDS_TO_EXEC_COMMAND
2025-10-01 08:04:38.000 +02:00 | [debug]  Instance[0]: status=running, pid=11209
2025-10-01 08:04:38.000 +02:00 | [debug]  Instance[1]: status=