1970-01-21 08:39:06.638 +02:00 | [info]state=SERVER_INIT_PROCESS_MANAGER
1970-01-21 08:39:06.638 +02:00 | [info]process manager started successfully
1970-01-21 08:39:06.638 +02:00 | [info]state=SERVER_INIT_MAILBOX
1970-01-21 08:39:06.638 +02:00 | [info]state=LOAD_INITIAL_CONFIG
1970-01-21 08:39:06.638 +02:00 | [info]mailbox started successfully
1970-01-21 08:39:06.638 +02:00 | [info]MAILBOX thread start: self_ptr=0x7ffccfe1f030
1970-01-21 08:39:06.638 +02:00 | [info]state=MAILBOX_NOT_OPEN stop=false srv_null=true
1970-01-21 08:39:06.638 +02:00 | [info]socket created fd=5
1970-01-21 08:39:06.638 +02:00 | [error]config load failed: error.MissingField
1970-01-21 08:39:06.638 +02:00 | [error]failed to load config: error.MissingField
1970-01-21 08:39:06.638 +02:00 | [error]fatal error in process manager: error.MissingField
1970-01-21 08:39:06.638 +02:00 | [info]bound unix socket at /tmp/taskmaster.server.sock
1970-01-21 08:39:06.638 +02:00 | [info]listening on mailbox socket (fd=5)
1970-01-21 08:39:06.638 +02:00 | [info]server set: srv_null=false fd=5
1970-01-21 08:39:06.638 +02:00 | [debug]state=MAILBOX_WAIT_FOR_CLIENT stop=false srv_null=false
1970-01-21 08:39:06.638 +02:00 | [debug]poll(server_fd=5) -> rc=0 revents=0x0
1970-01-21 08:39:06.638 +02:00 | [debug]state=MAILBOX_WAIT_FOR_CLIENT stop=false srv_null=false
1970-01-21 08:39:06.638 +02:00 | [debug]poll(server_fd=5) -> rc=0 revents=0x0
1970-01-21 08:39:06.638 +02:00 | [debug]state=MAILBOX_WAIT_FOR_CLIENT stop=false srv_null=false
1970-01-21 08:39:06.639 +02:00 | [debug]poll(server_fd=5) -> rc=0 revents=0x0
1970-01-21 08:39:06.639 +02:00 | [debug]state=MAILBOX_WAIT_FOR_CLIENT stop=false srv_null=false
1970-01-21 08:39:06.639 +02:00 | [debug]poll(server_fd=5) -> rc=0 revents=0x0
1970-01-21 08:39:06.639 +02:00 | [debug]state=MAILBOX_WAIT_FOR_CLIENT stop=false srv_null=false
1970-01-21 08:39:06.639 +02:00 | [debug]poll(server_fd=5) -> rc=0 revents=0x0
1970-01-21 08:39:06.639 +02:00 | [debug]state=MAILBOX_WAIT_FOR_CLIENT stop=false srv_null=false
1970-01-21 08:39:06.639 +02:00 | [debug]poll(server_fd=5) -> rc=0 revents=0x0
1970-01-21 08:39:06.639 +02:00 | [debug]state=MAILBOX_WAIT_FOR_CLIENT stop=false srv_null=false
1970-01-21 08:39:06.639 +02:00 | [debug]poll(server_fd=5) -> rc=0 revents=0x0
1970-01-21 08:39:06.639 +02:00 | [debug]state=MAILBOX_WAIT_FOR_CLIENT stop=false srv_null=false
1970-01-21 08:39:06.640 +02:00 | [debug]poll(server_fd=5) -> rc=0 revents=0x0
1970-01-21 08:39:06.640 +02:00 | [debug]state=MAILBOX_WAIT_FOR_CLIENT stop=false srv_null=false
1970-01-21 08:39:06.640 +02:00 | [debug]poll(server_fd=5) -> rc=0 revents=0x0
1970-01-21 08:39:06.640 +02:00 | [debug]state=MAILBOX_WAIT_FOR_CLIENT stop=false srv_null=false
1970-01-21 08:39:06.640 +02:00 | [debug]poll(server_fd=5) -> rc=0 revents=0x0
1970-01-21 08:39:06.640 +02:00 | [debug]state=MAILBOX_WAIT_FOR_CLIENT stop=false srv_null=false
1970-01-21 08:39:06.640 +02:00 | [debug]poll(server_fd=5) -> rc=0 revents=0x0
1970-01-21 08:39:06.640 +02:00 | [debug]state=MAILBOX_WAIT_FOR_CLIENT stop=false srv_null=false
1970-01-21 08:39:06.640 +02:00 | [debug]poll(server_fd=5) -> rc=0 revents=0x0
1970-01-21 08:39:06.640 +02:00 | [debug]state=MAILBOX_WAIT_FOR_CLIENT stop=false srv_null=false
1970-01-21 08:39:06.641 +02:00 | [debug]poll(server_fd=5) -> rc=0 revents=0x0
1970-01-21 08:39:06.641 +02:00 | [debug]state=MAILBOX_WAIT_FOR_CLIENT stop=false srv_null=false
1970-01-21 08:39:06.641 +02:00 | [debug]poll(server_fd=5) -> rc=0 revents=0x0
1970-01-21 08:39:06.641 +02:00 | [debug]state=MAILBOX_WAIT_FOR_CLIENT stop=false srv_null=false
1970-01-21 08:39:06.641 +02:00 | [debug]poll(server_fd=5) -> rc=0 revents=0x0
1970-01-21 08:39:06.641 +02:00 | [debug]state=MAILBOX_WAIT_FOR_CLIENT stop=false srv_null=false
1970-01-21 08:39:06.641 +02:00 | [debug]poll(server_fd=5) -> rc=0 revents=0x0
1970-01-21 08:39:06.641 +02:00 | [debug]state=MAILBOX_WAIT_FOR_CLIENT stop=false srv_null=false
1970-01-21 08:39:06.641 +02:00 | [debug]poll(server_fd=5) -> rc=0 revents=0x0
1970-01-21 08:39:06.641 +02:00 | [debug]state=MAILBOX_WAIT_FOR_CLIENT stop=false